13-Apr-2024 21:53:28.422 INFO [main] org.apache.catalina.startup.VersionLoggerListener.log Server version name:   Apache Tomcat/8.5.100
13-Apr-2024 21:53:28.427 INFO [main] org.apache.catalina.startup.VersionLoggerListener.log Server built:          Mar 19 2024 13:54:42 UTC
13-Apr-2024 21:53:28.427 INFO [main] org.apache.catalina.startup.VersionLoggerListener.log Server version number: 8.5.100.0
13-Apr-2024 21:53:28.428 INFO [main] org.apache.catalina.startup.VersionLoggerListener.log OS Name:               Linux
13-Apr-2024 21:53:28.428 INFO [main] org.apache.catalina.startup.VersionLoggerListener.log OS Version:            5.15.0-102-generic
13-Apr-2024 21:53:28.428 INFO [main] org.apache.catalina.startup.VersionLoggerListener.log Architecture:          amd64
13-Apr-2024 21:53:28.428 INFO [main] org.apache.catalina.startup.VersionLoggerListener.log Java Home:             /home/tester/.jdks/corretto-17.0.10
13-Apr-2024 21:53:28.429 INFO [main] org.apache.catalina.startup.VersionLoggerListener.log JVM Version:           17.0.10+8-LTS
13-Apr-2024 21:53:28.429 INFO [main] org.apache.catalina.startup.VersionLoggerListener.log JVM Vendor:            Amazon.com Inc.
13-Apr-2024 21:53:28.429 INFO [main] org.apache.catalina.startup.VersionLoggerListener.log CATALINA_BASE:         /home/tester/Downloads/Assignment
13-Apr-2024 21:53:28.429 INFO [main] org.apache.catalina.startup.VersionLoggerListener.log CATALINA_HOME:         /home/tester/Downloads/apache-tomcat-8.5.100
13-Apr-2024 21:53:28.433 INFO [main] org.apache.catalina.startup.VersionLoggerListener.log Command line argument: --add-opens=java.base/java.lang=ALL-UNNAMED
13-Apr-2024 21:53:28.433 INFO [main] org.apache.catalina.startup.VersionLoggerListener.log Command line argument: --add-opens=java.base/java.io=ALL-UNNAMED
13-Apr-2024 21:53:28.433 INFO [main] org.apache.catalina.startup.VersionLoggerListener.log Command line argument: --add-opens=java.base/java.util=ALL-UNNAMED
13-Apr-2024 21:53:28.434 INFO [main] org.apache.catalina.startup.VersionLoggerListener.log Command line argument: --add-opens=java.base/java.util.concurrent=ALL-UNNAMED
13-Apr-2024 21:53:28.434 INFO [main] org.apache.catalina.startup.VersionLoggerListener.log Command line argument: --add-opens=java.rmi/sun.rmi.transport=ALL-UNNAMED
13-Apr-2024 21:53:28.434 INFO [main] org.apache.catalina.startup.VersionLoggerListener.log Command line argument: -Dcatalina.home=/home/tester/Downloads/apache-tomcat-8.5.100
13-Apr-2024 21:53:28.434 INFO [main] org.apache.catalina.startup.VersionLoggerListener.log Command line argument: -Dcatalina.base=/home/tester/Downloads/Assignment
13-Apr-2024 21:53:28.438 INFO [main] org.apache.catalina.startup.VersionLoggerListener.log Command line argument: -Djava.io.tmpdir=/home/tester/Downloads/Assignment/temp
13-Apr-2024 21:53:28.439 INFO [main] org.apache.catalina.startup.VersionLoggerListener.log Command line argument: -Djava.util.logging.config.file=/home/tester/Downloads/Assignment/conf/logging.properties
13-Apr-2024 21:53:28.439 INFO [main] org.apache.catalina.startup.VersionLoggerListener.log Command line argument: -Djava.util.logging.manager=org.apache.juli.ClassLoaderLogManager
13-Apr-2024 21:53:28.439 INFO [main] org.apache.catalina.startup.VersionLoggerListener.log Command line argument: -javaagent:/opt/intellij-idea-community/lib/idea_rt.jar=38093:/opt/intellij-idea-community/bin
13-Apr-2024 21:53:28.439 INFO [main] org.apache.catalina.startup.VersionLoggerListener.log Command line argument: -Dfile.encoding=UTF-8
13-Apr-2024 21:53:28.440 INFO [main] org.apache.catalina.core.AprLifecycleListener.lifecycleEvent The Apache Tomcat Native library which allows using OpenSSL was not found on the java.library.path: [/usr/java/packages/lib:/usr/lib64:/lib64:/lib:/usr/lib]
13-Apr-2024 21:53:29.204 INFO [main] org.apache.coyote.AbstractProtocol.init Initializing ProtocolHandler ["http-nio-8080"]
13-Apr-2024 21:53:29.401 INFO [main] org.apache.catalina.startup.Catalina.load Initialization processed in 18399 ms
13-Apr-2024 21:53:29.885 INFO [main] org.apache.catalina.core.StandardService.startInternal Starting service [Catalina]
13-Apr-2024 21:53:29.887 INFO [main] org.apache.catalina.core.StandardEngine.startInternal Starting Servlet engine: [Apache Tomcat/8.5.100]
13-Apr-2024 21:53:29.914 INFO [localhost-startStop-1] org.apache.catalina.startup.HostConfig.deployDescriptor Deploying deployment descriptor [/home/tester/Downloads/Assignment/conf/Catalina/localhost/Employee.xml]
13-Apr-2024 21:53:30.861 SEVERE [localhost-startStop-1] org.apache.tomcat.util.digester.Digester.fatalError Parse Fatal Error at line 1 column 1: Premature end of file.
	org.xml.sax.SAXParseException; systemId: file:/home/tester/Downloads/Assignment/src/webapp/WEB-INF/web.xml; lineNumber: 1; columnNumber: 1; Premature end of file.
		at java.xml/com.sun.org.apache.xerces.internal.util.ErrorHandlerWrapper.createSAXParseException(ErrorHandlerWrapper.java:204)
		at java.xml/com.sun.org.apache.xerces.internal.util.ErrorHandlerWrapper.fatalError(ErrorHandlerWrapper.java:178)
		at java.xml/com.sun.org.apache.xerces.internal.impl.XMLErrorReporter.reportError(XMLErrorReporter.java:400)
		at java.xml/com.sun.org.apache.xerces.internal.impl.XMLErrorReporter.reportError(XMLErrorReporter.java:327)
		at java.xml/com.sun.org.apache.xerces.internal.impl.XMLScanner.reportFatalError(XMLScanner.java:1465)
		at java.xml/com.sun.org.apache.xerces.internal.impl.XMLDocumentScannerImpl$PrologDriver.next(XMLDocumentScannerImpl.java:1013)
		at java.xml/com.sun.org.apache.xerces.internal.impl.XMLDocumentScannerImpl.next(XMLDocumentScannerImpl.java:605)
		at java.xml/com.sun.org.apache.xerces.internal.impl.XMLDocumentFragmentScannerImpl.scanDocument(XMLDocumentFragmentScannerImpl.java:542)
		at java.xml/com.sun.org.apache.xerces.internal.parsers.XML11Configuration.parse(XML11Configuration.java:889)
		at java.xml/com.sun.org.apache.xerces.internal.parsers.XML11Configuration.parse(XML11Configuration.java:825)
		at java.xml/com.sun.org.apache.xerces.internal.parsers.XMLParser.parse(XMLParser.java:141)
		at java.xml/com.sun.org.apache.xerces.internal.parsers.AbstractSAXParser.parse(AbstractSAXParser.java:1224)
		at java.xml/com.sun.org.apache.xerces.internal.jaxp.SAXParserImpl$JAXPSAXParser.parse(SAXParserImpl.java:637)
		at org.apache.tomcat.util.digester.Digester.parse(Digester.java:1496)
		at org.apache.tomcat.util.descriptor.web.WebXmlParser.parseWebXml(WebXmlParser.java:119)
		at org.apache.catalina.startup.ContextConfig.webConfig(ContextConfig.java:1016)
		at org.apache.catalina.startup.ContextConfig.configureStart(ContextConfig.java:744)
		at org.apache.catalina.startup.ContextConfig.lifecycleEvent(ContextConfig.java:285)
		at org.apache.catalina.util.LifecycleBase.fireLifecycleEvent(LifecycleBase.java:114)
		at org.apache.catalina.core.StandardContext.startInternal(StandardContext.java:4804)
		at org.apache.catalina.util.LifecycleBase.start(LifecycleBase.java:171)
		at org.apache.catalina.core.ContainerBase.addChildInternal(ContainerBase.java:710)
		at org.apache.catalina.core.ContainerBase.addChild(ContainerBase.java:687)
		at org.apache.catalina.core.StandardHost.addChild(StandardHost.java:660)
		at org.apache.catalina.startup.HostConfig.deployDescriptor(HostConfig.java:681)
		at org.apache.catalina.startup.HostConfig$DeployDescriptor.run(HostConfig.java:1845)
		at java.base/java.util.concurrent.Executors$RunnableAdapter.call(Executors.java:539)
		at java.base/java.util.concurrent.FutureTask.run(FutureTask.java:264)
		at java.base/java.util.concurrent.ThreadPoolExecutor.runWorker(ThreadPoolExecutor.java:1136)
		at java.base/java.util.concurrent.ThreadPoolExecutor$Worker.run(ThreadPoolExecutor.java:635)
		at java.base/java.lang.Thread.run(Thread.java:840)
13-Apr-2024 21:53:30.866 SEVERE [localhost-startStop-1] org.apache.tomcat.util.descriptor.web.WebXmlParser.parseWebXml Parse error in application web.xml file at [file:/home/tester/Downloads/Assignment/src/webapp/WEB-INF/web.xml]
	org.xml.sax.SAXParseException; systemId: file:/home/tester/Downloads/Assignment/src/webapp/WEB-INF/web.xml; lineNumber: 1; columnNumber: 1; Premature end of file.
		at java.xml/com.sun.org.apache.xerces.internal.util.ErrorHandlerWrapper.createSAXParseException(ErrorHandlerWrapper.java:204)
		at java.xml/com.sun.org.apache.xerces.internal.util.ErrorHandlerWrapper.fatalError(ErrorHandlerWrapper.java:178)
		at java.xml/com.sun.org.apache.xerces.internal.impl.XMLErrorReporter.reportError(XMLErrorReporter.java:400)
		at java.xml/com.sun.org.apache.xerces.internal.impl.XMLErrorReporter.reportError(XMLErrorReporter.java:327)
		at java.xml/com.sun.org.apache.xerces.internal.impl.XMLScanner.reportFatalError(XMLScanner.java:1465)
		at java.xml/com.sun.org.apache.xerces.internal.impl.XMLDocumentScannerImpl$PrologDriver.next(XMLDocumentScannerImpl.java:1013)
		at java.xml/com.sun.org.apache.xerces.internal.impl.XMLDocumentScannerImpl.next(XMLDocumentScannerImpl.java:605)
		at java.xml/com.sun.org.apache.xerces.internal.impl.XMLDocumentFragmentScannerImpl.scanDocument(XMLDocumentFragmentScannerImpl.java:542)
		at java.xml/com.sun.org.apache.xerces.internal.parsers.XML11Configuration.parse(XML11Configuration.java:889)
		at java.xml/com.sun.org.apache.xerces.internal.parsers.XML11Configuration.parse(XML11Configuration.java:825)
		at java.xml/com.sun.org.apache.xerces.internal.parsers.XMLParser.parse(XMLParser.java:141)
		at java.xml/com.sun.org.apache.xerces.internal.parsers.AbstractSAXParser.parse(AbstractSAXParser.java:1224)
		at java.xml/com.sun.org.apache.xerces.internal.jaxp.SAXParserImpl$JAXPSAXParser.parse(SAXParserImpl.java:637)
		at org.apache.tomcat.util.digester.Digester.parse(Digester.java:1496)
		at org.apache.tomcat.util.descriptor.web.WebXmlParser.parseWebXml(WebXmlParser.java:119)
		at org.apache.catalina.startup.ContextConfig.webConfig(ContextConfig.java:1016)
		at org.apache.catalina.startup.ContextConfig.configureStart(ContextConfig.java:744)
		at org.apache.catalina.startup.ContextConfig.lifecycleEvent(ContextConfig.java:285)
		at org.apache.catalina.util.LifecycleBase.fireLifecycleEvent(LifecycleBase.java:114)
		at org.apache.catalina.core.StandardContext.startInternal(StandardContext.java:4804)
		at org.apache.catalina.util.LifecycleBase.start(LifecycleBase.java:171)
		at org.apache.catalina.core.ContainerBase.addChildInternal(ContainerBase.java:710)
		at org.apache.catalina.core.ContainerBase.addChild(ContainerBase.java:687)
		at org.apache.catalina.core.StandardHost.addChild(StandardHost.java:660)
		at org.apache.catalina.startup.HostConfig.deployDescriptor(HostConfig.java:681)
		at org.apache.catalina.startup.HostConfig$DeployDescriptor.run(HostConfig.java:1845)
		at java.base/java.util.concurrent.Executors$RunnableAdapter.call(Executors.java:539)
		at java.base/java.util.concurrent.FutureTask.run(FutureTask.java:264)
		at java.base/java.util.concurrent.ThreadPoolExecutor.runWorker(ThreadPoolExecutor.java:1136)
		at java.base/java.util.concurrent.ThreadPoolExecutor$Worker.run(ThreadPoolExecutor.java:635)
		at java.base/java.lang.Thread.run(Thread.java:840)
13-Apr-2024 21:53:30.870 SEVERE [localhost-startStop-1] org.apache.tomcat.util.descriptor.web.WebXmlParser.parseWebXml Occurred at line [1] column [1]
13-Apr-2024 21:53:30.925 WARNING [localhost-startStop-1] org.apache.tomcat.util.descriptor.web.WebXml.setVersion Unknown version string [6.0]. Default version will be used.
13-Apr-2024 21:53:30.979 WARNING [localhost-startStop-1] org.apache.tomcat.util.descriptor.web.WebXml.setVersion Unknown version string [5.0]. Default version will be used.
13-Apr-2024 21:53:30.995 WARNING [localhost-startStop-1] org.apache.tomcat.util.descriptor.web.WebXml.setVersion Unknown version string [6.0]. Default version will be used.
13-Apr-2024 21:53:31.021 SEVERE [localhost-startStop-1] org.apache.catalina.startup.ContextConfig.configureStart Marking this application unavailable due to previous error(s)
13-Apr-2024 21:53:35.040 SEVERE [localhost-startStop-1] org.apache.catalina.core.StandardContext.startInternal One or more components marked the context as not correctly configured
13-Apr-2024 21:53:36.606 WARNING [localhost-startStop-1] org.apache.catalina.util.SessionIdGeneratorBase.createSecureRandom Creation of SecureRandom instance for session ID generation using [SHA1PRNG] took [1,544] milliseconds.
13-Apr-2024 21:53:36.607 SEVERE [localhost-startStop-1] org.apache.catalina.core.StandardContext.startInternal Context [/Employee] startup failed due to previous errors
13-Apr-2024 21:53:36.960 INFO [localhost-startStop-1] org.apache.catalina.startup.HostConfig.deployDescriptor Deployment of deployment descriptor [/home/tester/Downloads/Assignment/conf/Catalina/localhost/Employee.xml] has finished in [7,045] ms
13-Apr-2024 21:53:36.969 INFO [main] org.apache.coyote.AbstractProtocol.start Starting ProtocolHandler ["http-nio-8080"]
13-Apr-2024 21:53:37.037 INFO [main] org.apache.catalina.startup.Catalina.start Server startup in 7635 ms
13-Apr-2024 21:54:46.986 INFO [ContainerBackgroundProcessor[StandardEngine[Catalina]]] org.apache.catalina.startup.HostConfig.reload Reloading context [/Employee]
13-Apr-2024 21:54:47.178 WARNING [ContainerBackgroundProcessor[StandardEngine[Catalina]]] org.apache.tomcat.util.descriptor.web.WebXml.setVersion Unknown version string [6.0]. Default version will be used.
13-Apr-2024 21:54:47.382 WARNING [ContainerBackgroundProcessor[StandardEngine[Catalina]]] org.apache.tomcat.util.descriptor.web.WebXml.setVersion Unknown version string [5.0]. Default version will be used.
13-Apr-2024 21:54:47.401 WARNING [ContainerBackgroundProcessor[StandardEngine[Catalina]]] org.apache.tomcat.util.descriptor.web.WebXml.setVersion Unknown version string [6.0]. Default version will be used.
13-Apr-2024 21:55:42.827 INFO [ContainerBackgroundProcessor[StandardEngine[Catalina]]] org.apache.jasper.servlet.TldScanner.scanJars At least one JAR was scanned for TLDs yet contained no TLDs. Enable debug logging for this logger for a complete list of JARs that were scanned but no TLDs were found in them. Skipping unneeded JARs during scanning can improve startup time and JSP compilation time.
13-Apr-2024 21:56:03.415 INFO [Thread-1] org.apache.coyote.AbstractProtocol.pause Pausing ProtocolHandler ["http-nio-8080"]
13-Apr-2024 21:56:03.421 INFO [Thread-1] org.apache.catalina.core.StandardService.stopInternal Stopping service [Catalina]
13-Apr-2024 21:56:03.442 INFO [Thread-1] org.apache.coyote.AbstractProtocol.stop Stopping ProtocolHandler ["http-nio-8080"]
13-Apr-2024 21:56:03.463 INFO [Thread-1] org.apache.coyote.AbstractProtocol.destroy Destroying ProtocolHandler ["http-nio-8080"]
13-Apr-2024 21:56:22.791 INFO [main] org.apache.catalina.startup.VersionLoggerListener.log Server version name:   Apache Tomcat/8.5.100
13-Apr-2024 21:56:22.802 INFO [main] org.apache.catalina.startup.VersionLoggerListener.log Server built:          Mar 19 2024 13:54:42 UTC
13-Apr-2024 21:56:22.803 INFO [main] org.apache.catalina.startup.VersionLoggerListener.log Server version number: 8.5.100.0
13-Apr-2024 21:56:22.803 INFO [main] org.apache.catalina.startup.VersionLoggerListener.log OS Name:               Linux
13-Apr-2024 21:56:22.803 INFO [main] org.apache.catalina.startup.VersionLoggerListener.log OS Version:            5.15.0-102-generic
13-Apr-2024 21:56:22.803 INFO [main] org.apache.catalina.startup.VersionLoggerListener.log Architecture:          amd64
13-Apr-2024 21:56:22.804 INFO [main] org.apache.catalina.startup.VersionLoggerListener.log Java Home:             /home/tester/.jdks/corretto-17.0.10
13-Apr-2024 21:56:22.804 INFO [main] org.apache.catalina.startup.VersionLoggerListener.log JVM Version:           17.0.10+8-LTS
13-Apr-2024 21:56:22.804 INFO [main] org.apache.catalina.startup.VersionLoggerListener.log JVM Vendor:            Amazon.com Inc.
13-Apr-2024 21:56:22.804 INFO [main] org.apache.catalina.startup.VersionLoggerListener.log CATALINA_BASE:         /home/tester/Downloads/Assignment
13-Apr-2024 21:56:22.804 INFO [main] org.apache.catalina.startup.VersionLoggerListener.log CATALINA_HOME:         /home/tester/Downloads/apache-tomcat-8.5.100
13-Apr-2024 21:56:22.805 INFO [main] org.apache.catalina.startup.VersionLoggerListener.log Command line argument: --add-opens=java.base/java.lang=ALL-UNNAMED
13-Apr-2024 21:56:22.805 INFO [main] org.apache.catalina.startup.VersionLoggerListener.log Command line argument: --add-opens=java.base/java.io=ALL-UNNAMED
13-Apr-2024 21:56:22.805 INFO [main] org.apache.catalina.startup.VersionLoggerListener.log Command line argument: --add-opens=java.base/java.util=ALL-UNNAMED
13-Apr-2024 21:56:22.806 INFO [main] org.apache.catalina.startup.VersionLoggerListener.log Command line argument: --add-opens=java.base/java.util.concurrent=ALL-UNNAMED
13-Apr-2024 21:56:22.806 INFO [main] org.apache.catalina.startup.VersionLoggerListener.log Command line argument: --add-opens=java.rmi/sun.rmi.transport=ALL-UNNAMED
13-Apr-2024 21:56:22.806 INFO [main] org.apache.catalina.startup.VersionLoggerListener.log Command line argument: -Dcatalina.home=/home/tester/Downloads/apache-tomcat-8.5.100
13-Apr-2024 21:56:22.806 INFO [main] org.apache.catalina.startup.VersionLoggerListener.log Command line argument: -Dcatalina.base=/home/tester/Downloads/Assignment
13-Apr-2024 21:56:22.806 INFO [main] org.apache.catalina.startup.VersionLoggerListener.log Command line argument: -Djava.io.tmpdir=/home/tester/Downloads/Assignment/temp
13-Apr-2024 21:56:22.806 INFO [main] org.apache.catalina.startup.VersionLoggerListener.log Command line argument: -Djava.util.logging.config.file=/home/tester/Downloads/Assignment/conf/logging.properties
13-Apr-2024 21:56:22.807 INFO [main] org.apache.catalina.startup.VersionLoggerListener.log Command line argument: -Djava.util.logging.manager=org.apache.juli.ClassLoaderLogManager
13-Apr-2024 21:56:22.807 INFO [main] org.apache.catalina.startup.VersionLoggerListener.log Command line argument: -javaagent:/opt/intellij-idea-community/lib/idea_rt.jar=38123:/opt/intellij-idea-community/bin
13-Apr-2024 21:56:22.807 INFO [main] org.apache.catalina.startup.VersionLoggerListener.log Command line argument: -Dfile.encoding=UTF-8
13-Apr-2024 21:56:22.807 INFO [main] org.apache.catalina.core.AprLifecycleListener.lifecycleEvent The Apache Tomcat Native library which allows using OpenSSL was not found on the java.library.path: [/usr/java/packages/lib:/usr/lib64:/lib64:/lib:/usr/lib]
13-Apr-2024 21:56:22.931 INFO [main] org.apache.coyote.AbstractProtocol.init Initializing ProtocolHandler ["http-nio-8080"]
13-Apr-2024 21:56:22.978 INFO [main] org.apache.catalina.startup.Catalina.load Initialization processed in 2138 ms
13-Apr-2024 21:56:23.138 INFO [main] org.apache.catalina.core.StandardService.startInternal Starting service [Catalina]
13-Apr-2024 21:56:23.139 INFO [main] org.apache.catalina.core.StandardEngine.startInternal Starting Servlet engine: [Apache Tomcat/8.5.100]
13-Apr-2024 21:56:23.166 INFO [localhost-startStop-1] org.apache.catalina.startup.HostConfig.deployDescriptor Deploying deployment descriptor [/home/tester/Downloads/Assignment/conf/Catalina/localhost/Employee.xml]
13-Apr-2024 21:56:23.664 WARNING [localhost-startStop-1] org.apache.tomcat.util.descriptor.web.WebXml.setVersion Unknown version string [6.0]. Default version will be used.
13-Apr-2024 21:56:23.678 WARNING [localhost-startStop-1] org.apache.tomcat.util.descriptor.web.WebXml.setVersion Unknown version string [5.0]. Default version will be used.
13-Apr-2024 21:56:23.686 WARNING [localhost-startStop-1] org.apache.tomcat.util.descriptor.web.WebXml.setVersion Unknown version string [6.0]. Default version will be used.
13-Apr-2024 21:56:28.487 INFO [localhost-startStop-1] org.apache.jasper.servlet.TldScanner.scanJars At least one JAR was scanned for TLDs yet contained no TLDs. Enable debug logging for this logger for a complete list of JARs that were scanned but no TLDs were found in them. Skipping unneeded JARs during scanning can improve startup time and JSP compilation time.
13-Apr-2024 21:56:28.755 WARNING [localhost-startStop-1] org.apache.catalina.util.SessionIdGeneratorBase.createSecureRandom Creation of SecureRandom instance for session ID generation using [SHA1PRNG] took [151] milliseconds.
13-Apr-2024 21:56:28.804 INFO [localhost-startStop-1] org.apache.catalina.startup.HostConfig.deployDescriptor Deployment of deployment descriptor [/home/tester/Downloads/Assignment/conf/Catalina/localhost/Employee.xml] has finished in [5,637] ms
13-Apr-2024 21:56:28.812 INFO [main] org.apache.coyote.AbstractProtocol.start Starting ProtocolHandler ["http-nio-8080"]
13-Apr-2024 21:56:28.834 INFO [main] org.apache.catalina.startup.Catalina.start Server startup in 5855 ms
13-Apr-2024 21:57:55.882 INFO [Thread-1] org.apache.coyote.AbstractProtocol.pause Pausing ProtocolHandler ["http-nio-8080"]
13-Apr-2024 21:57:56.026 INFO [Thread-1] org.apache.catalina.core.StandardService.stopInternal Stopping service [Catalina]
13-Apr-2024 21:57:57.887 INFO [Thread-1] org.apache.coyote.AbstractProtocol.stop Stopping ProtocolHandler ["http-nio-8080"]
13-Apr-2024 21:57:58.150 INFO [Thread-1] org.apache.coyote.AbstractProtocol.destroy Destroying ProtocolHandler ["http-nio-8080"]
13-Apr-2024 21:58:19.102 INFO [main] org.apache.catalina.startup.VersionLoggerListener.log Server version name:   Apache Tomcat/8.5.100
13-Apr-2024 21:58:19.125 INFO [main] org.apache.catalina.startup.VersionLoggerListener.log Server built:          Mar 19 2024 13:54:42 UTC
13-Apr-2024 21:58:19.126 INFO [main] org.apache.catalina.startup.VersionLoggerListener.log Server version number: 8.5.100.0
13-Apr-2024 21:58:19.127 INFO [main] org.apache.catalina.startup.VersionLoggerListener.log OS Name:               Linux
13-Apr-2024 21:58:19.127 INFO [main] org.apache.catalina.startup.VersionLoggerListener.log OS Version:            5.15.0-102-generic
13-Apr-2024 21:58:19.128 INFO [main] org.apache.catalina.startup.VersionLoggerListener.log Architecture:          amd64
13-Apr-2024 21:58:19.128 INFO [main] org.apache.catalina.startup.VersionLoggerListener.log Java Home:             /home/tester/.jdks/corretto-17.0.10
13-Apr-2024 21:58:19.129 INFO [main] org.apache.catalina.startup.VersionLoggerListener.log JVM Version:           17.0.10+8-LTS
13-Apr-2024 21:58:19.129 INFO [main] org.apache.catalina.startup.VersionLoggerListener.log JVM Vendor:            Amazon.com Inc.
13-Apr-2024 21:58:19.130 INFO [main] org.apache.catalina.startup.VersionLoggerListener.log CATALINA_BASE:         /home/tester/Downloads/Assignment
13-Apr-2024 21:58:19.130 INFO [main] org.apache.catalina.startup.VersionLoggerListener.log CATALINA_HOME:         /home/tester/Downloads/apache-tomcat-8.5.100
13-Apr-2024 21:58:19.131 INFO [main] org.apache.catalina.startup.VersionLoggerListener.log Command line argument: --add-opens=java.base/java.lang=ALL-UNNAMED
13-Apr-2024 21:58:19.131 INFO [main] org.apache.catalina.startup.VersionLoggerListener.log Command line argument: --add-opens=java.base/java.io=ALL-UNNAMED
13-Apr-2024 21:58:19.132 INFO [main] org.apache.catalina.startup.VersionLoggerListener.log Command line argument: --add-opens=java.base/java.util=ALL-UNNAMED
13-Apr-2024 21:58:19.132 INFO [main] org.apache.catalina.startup.VersionLoggerListener.log Command line argument: --add-opens=java.base/java.util.concurrent=ALL-UNNAMED
13-Apr-2024 21:58:19.132 INFO [main] org.apache.catalina.startup.VersionLoggerListener.log Command line argument: --add-opens=java.rmi/sun.rmi.transport=ALL-UNNAMED
13-Apr-2024 21:58:19.133 INFO [main] org.apache.catalina.startup.VersionLoggerListener.log Command line argument: -Dcatalina.home=/home/tester/Downloads/apache-tomcat-8.5.100
13-Apr-2024 21:58:19.133 INFO [main] org.apache.catalina.startup.VersionLoggerListener.log Command line argument: -Dcatalina.base=/home/tester/Downloads/Assignment
13-Apr-2024 21:58:19.133 INFO [main] org.apache.catalina.startup.VersionLoggerListener.log Command line argument: -Djava.io.tmpdir=/home/tester/Downloads/Assignment/temp
13-Apr-2024 21:58:19.133 INFO [main] org.apache.catalina.startup.VersionLoggerListener.log Command line argument: -Djava.util.logging.config.file=/home/tester/Downloads/Assignment/conf/logging.properties
13-Apr-2024 21:58:19.134 INFO [main] org.apache.catalina.startup.VersionLoggerListener.log Command line argument: -Djava.util.logging.manager=org.apache.juli.ClassLoaderLogManager
13-Apr-2024 21:58:19.134 INFO [main] org.apache.catalina.startup.VersionLoggerListener.log Command line argument: -javaagent:/opt/intellij-idea-community/lib/idea_rt.jar=37387:/opt/intellij-idea-community/bin
13-Apr-2024 21:58:19.135 INFO [main] org.apache.catalina.startup.VersionLoggerListener.log Command line argument: -Dfile.encoding=UTF-8
13-Apr-2024 21:58:19.135 INFO [main] org.apache.catalina.core.AprLifecycleListener.lifecycleEvent The Apache Tomcat Native library which allows using OpenSSL was not found on the java.library.path: [/usr/java/packages/lib:/usr/lib64:/lib64:/lib:/usr/lib]
13-Apr-2024 21:58:19.481 INFO [main] org.apache.coyote.AbstractProtocol.init Initializing ProtocolHandler ["http-nio-8080"]
13-Apr-2024 21:58:19.595 INFO [main] org.apache.catalina.startup.Catalina.load Initialization processed in 3525 ms
13-Apr-2024 21:58:19.852 INFO [main] org.apache.catalina.core.StandardService.startInternal Starting service [Catalina]
13-Apr-2024 21:58:19.852 INFO [main] org.apache.catalina.core.StandardEngine.startInternal Starting Servlet engine: [Apache Tomcat/8.5.100]
13-Apr-2024 21:58:19.878 INFO [localhost-startStop-1] org.apache.catalina.startup.HostConfig.deployDescriptor Deploying deployment descriptor [/home/tester/Downloads/Assignment/conf/Catalina/localhost/Employee.xml]
13-Apr-2024 21:58:22.332 WARNING [localhost-startStop-1] org.apache.tomcat.util.descriptor.web.WebXml.setVersion Unknown version string [6.0]. Default version will be used.
13-Apr-2024 21:58:22.375 WARNING [localhost-startStop-1] org.apache.tomcat.util.descriptor.web.WebXml.setVersion Unknown version string [5.0]. Default version will be used.
13-Apr-2024 21:58:22.384 WARNING [localhost-startStop-1] org.apache.tomcat.util.descriptor.web.WebXml.setVersion Unknown version string [6.0]. Default version will be used.
13-Apr-2024 21:58:38.649 INFO [localhost-startStop-1] org.apache.jasper.servlet.TldScanner.scanJars At least one JAR was scanned for TLDs yet contained no TLDs. Enable debug logging for this logger for a complete list of JARs that were scanned but no TLDs were found in them. Skipping unneeded JARs during scanning can improve startup time and JSP compilation time.
13-Apr-2024 21:58:38.821 WARNING [localhost-startStop-1] org.apache.catalina.util.SessionIdGeneratorBase.createSecureRandom Creation of SecureRandom instance for session ID generation using [SHA1PRNG] took [152] milliseconds.
13-Apr-2024 21:58:38.920 INFO [localhost-startStop-1] org.apache.catalina.startup.HostConfig.deployDescriptor Deployment of deployment descriptor [/home/tester/Downloads/Assignment/conf/Catalina/localhost/Employee.xml] has finished in [19,041] ms
13-Apr-2024 21:58:38.923 INFO [main] org.apache.coyote.AbstractProtocol.start Starting ProtocolHandler ["http-nio-8080"]
13-Apr-2024 21:58:38.962 INFO [main] org.apache.catalina.startup.Catalina.start Server startup in 19366 ms
13-Apr-2024 22:01:09.759 INFO [ContainerBackgroundProcessor[StandardEngine[Catalina]]] org.apache.catalina.startup.HostConfig.undeploy Undeploying context [/Employee]
13-Apr-2024 22:01:11.045 INFO [localhost-startStop-2] org.apache.catalina.startup.HostConfig.deployDescriptor Deploying deployment descriptor [/home/tester/Downloads/Assignment/conf/Catalina/localhost/Employee.xml]
13-Apr-2024 22:01:11.113 SEVERE [localhost-startStop-2] org.apache.catalina.core.ContainerBase.addChildInternal ContainerBase.addChild: start: 
	org.apache.catalina.LifecycleException: Failed to start component [org.apache.catalina.webresources.StandardRoot@1ef61b83]
		at org.apache.catalina.util.LifecycleBase.handleSubClassException(LifecycleBase.java:419)
		at org.apache.catalina.util.LifecycleBase.start(LifecycleBase.java:186)
		at org.apache.catalina.core.StandardContext.resourcesStart(StandardContext.java:4554)
		at org.apache.catalina.core.StandardContext.startInternal(StandardContext.java:4692)
		at org.apache.catalina.util.LifecycleBase.start(LifecycleBase.java:171)
		at org.apache.catalina.core.ContainerBase.addChildInternal(ContainerBase.java:710)
		at org.apache.catalina.core.ContainerBase.addChild(ContainerBase.java:687)
		at org.apache.catalina.core.StandardHost.addChild(StandardHost.java:660)
		at org.apache.catalina.startup.HostConfig.deployDescriptor(HostConfig.java:681)
		at org.apache.catalina.startup.HostConfig$DeployDescriptor.run(HostConfig.java:1845)
		at java.base/java.util.concurrent.Executors$RunnableAdapter.call(Executors.java:539)
		at java.base/java.util.concurrent.FutureTask.run(FutureTask.java:264)
		at java.base/java.util.concurrent.ThreadPoolExecutor.runWorker(ThreadPoolExecutor.java:1136)
		at java.base/java.util.concurrent.ThreadPoolExecutor$Worker.run(ThreadPoolExecutor.java:635)
		at java.base/java.lang.Thread.run(Thread.java:840)
	Caused by: java.lang.IllegalArgumentException: The main resource set specified [/home/tester/Downloads/Assignment/src/webapp/WEB-INF] is not a directory or war file, or is not readable (it does not exist or permissions to access it are missing)
		at org.apache.catalina.webresources.StandardRoot.createMainResourceSet(StandardRoot.java:720)
		at org.apache.catalina.webresources.StandardRoot.startInternal(StandardRoot.java:678)
		at org.apache.catalina.util.LifecycleBase.start(LifecycleBase.java:171)
		... 13 more
13-Apr-2024 22:01:11.130 SEVERE [localhost-startStop-2] org.apache.catalina.startup.HostConfig.deployDescriptor Error deploying deployment descriptor [/home/tester/Downloads/Assignment/conf/Catalina/localhost/Employee.xml]
	java.lang.IllegalStateException: Error starting child
		at org.apache.catalina.core.ContainerBase.addChildInternal(ContainerBase.java:714)
		at org.apache.catalina.core.ContainerBase.addChild(ContainerBase.java:687)
		at org.apache.catalina.core.StandardHost.addChild(StandardHost.java:660)
		at org.apache.catalina.startup.HostConfig.deployDescriptor(HostConfig.java:681)
		at org.apache.catalina.startup.HostConfig$DeployDescriptor.run(HostConfig.java:1845)
		at java.base/java.util.concurrent.Executors$RunnableAdapter.call(Executors.java:539)
		at java.base/java.util.concurrent.FutureTask.run(FutureTask.java:264)
		at java.base/java.util.concurrent.ThreadPoolExecutor.runWorker(ThreadPoolExecutor.java:1136)
		at java.base/java.util.concurrent.ThreadPoolExecutor$Worker.run(ThreadPoolExecutor.java:635)
		at java.base/java.lang.Thread.run(Thread.java:840)
	Caused by: org.apache.catalina.LifecycleException: Failed to start component [org.apache.catalina.webresources.StandardRoot@1ef61b83]
		at org.apache.catalina.util.LifecycleBase.handleSubClassException(LifecycleBase.java:419)
		at org.apache.catalina.util.LifecycleBase.start(LifecycleBase.java:186)
		at org.apache.catalina.core.StandardContext.resourcesStart(StandardContext.java:4554)
		at org.apache.catalina.core.StandardContext.startInternal(StandardContext.java:4692)
		at org.apache.catalina.util.LifecycleBase.start(LifecycleBase.java:171)
		at org.apache.catalina.core.ContainerBase.addChildInternal(ContainerBase.java:710)
		... 9 more
	Caused by: java.lang.IllegalArgumentException: The main resource set specified [/home/tester/Downloads/Assignment/src/webapp/WEB-INF] is not a directory or war file, or is not readable (it does not exist or permissions to access it are missing)
		at org.apache.catalina.webresources.StandardRoot.createMainResourceSet(StandardRoot.java:720)
		at org.apache.catalina.webresources.StandardRoot.startInternal(StandardRoot.java:678)
		at org.apache.catalina.util.LifecycleBase.start(LifecycleBase.java:171)
		... 13 more
13-Apr-2024 22:01:11.131 INFO [localhost-startStop-2] org.apache.catalina.startup.HostConfig.deployDescriptor Deployment of deployment descriptor [/home/tester/Downloads/Assignment/conf/Catalina/localhost/Employee.xml] has finished in [86] ms
13-Apr-2024 22:02:39.968 INFO [Thread-1] org.apache.coyote.AbstractProtocol.pause Pausing ProtocolHandler ["http-nio-8080"]
13-Apr-2024 22:02:39.991 INFO [Thread-1] org.apache.catalina.core.StandardService.stopInternal Stopping service [Catalina]
13-Apr-2024 22:02:40.025 INFO [Thread-1] org.apache.coyote.AbstractProtocol.stop Stopping ProtocolHandler ["http-nio-8080"]
13-Apr-2024 22:02:40.056 INFO [Thread-1] org.apache.coyote.AbstractProtocol.destroy Destroying ProtocolHandler ["http-nio-8080"]
13-Apr-2024 22:02:40.058 SEVERE [Thread-1] org.apache.catalina.core.StandardContext.resourcesStop Error stopping static Resources
	org.apache.catalina.LifecycleException: An invalid Lifecycle transition was attempted ([before_stop]) for component [org.apache.catalina.webresources.DirResourceSet@63244f5d] in state [INITIALIZED]
		at org.apache.catalina.util.LifecycleBase.invalidTransition(LifecycleBase.java:409)
		at org.apache.catalina.util.LifecycleBase.stop(LifecycleBase.java:229)
		at org.apache.catalina.webresources.StandardRoot.stopInternal(StandardRoot.java:731)
		at org.apache.catalina.util.LifecycleBase.stop(LifecycleBase.java:242)
		at org.apache.catalina.core.StandardContext.resourcesStop(StandardContext.java:4580)
		at org.apache.catalina.core.StandardContext.stopInternal(StandardContext.java:5171)
		at org.apache.catalina.util.LifecycleBase.stop(LifecycleBase.java:242)
		at org.apache.catalina.util.LifecycleBase.destroy(LifecycleBase.java:278)
		at org.apache.catalina.core.ContainerBase.removeChild(ContainerBase.java:807)
		at org.apache.catalina.core.ContainerBase.destroyInternal(ContainerBase.java:988)
		at org.apache.catalina.util.LifecycleBase.destroy(LifecycleBase.java:306)
		at org.apache.catalina.core.ContainerBase.removeChild(ContainerBase.java:807)
		at org.apache.catalina.core.ContainerBase.destroyInternal(ContainerBase.java:988)
		at org.apache.catalina.util.LifecycleBase.destroy(LifecycleBase.java:306)
		at org.apache.catalina.core.StandardService.destroyInternal(StandardService.java:599)
		at org.apache.catalina.util.LifecycleBase.destroy(LifecycleBase.java:306)
		at org.apache.catalina.core.StandardServer.destroyInternal(StandardServer.java:871)
		at org.apache.catalina.util.LifecycleBase.destroy(LifecycleBase.java:306)
		at org.apache.catalina.startup.Catalina.stop(Catalina.java:716)
		at org.apache.catalina.startup.Catalina$CatalinaShutdownHook.run(Catalina.java:810)
13-Apr-2024 22:02:40.060 SEVERE [Thread-1] org.apache.catalina.util.LifecycleBase.destroy Called stop() on failed component [org.apache.catalina.webresources.StandardRoot@1ef61b83] to trigger clean-up but it failed too
	org.apache.catalina.LifecycleException: An invalid Lifecycle transition was attempted ([before_stop]) for component [org.apache.catalina.webresources.DirResourceSet@63244f5d] in state [INITIALIZED]
		at org.apache.catalina.util.LifecycleBase.invalidTransition(LifecycleBase.java:409)
		at org.apache.catalina.util.LifecycleBase.stop(LifecycleBase.java:229)
		at org.apache.catalina.webresources.StandardRoot.stopInternal(StandardRoot.java:731)
		at org.apache.catalina.util.LifecycleBase.stop(LifecycleBase.java:242)
		at org.apache.catalina.util.LifecycleBase.destroy(LifecycleBase.java:278)
		at org.apache.catalina.core.StandardContext.destroyInternal(StandardContext.java:5239)
		at org.apache.catalina.util.LifecycleBase.destroy(LifecycleBase.java:306)
		at org.apache.catalina.core.ContainerBase.removeChild(ContainerBase.java:807)
		at org.apache.catalina.core.ContainerBase.destroyInternal(ContainerBase.java:988)
		at org.apache.catalina.util.LifecycleBase.destroy(LifecycleBase.java:306)
		at org.apache.catalina.core.ContainerBase.removeChild(ContainerBase.java:807)
		at org.apache.catalina.core.ContainerBase.destroyInternal(ContainerBase.java:988)
		at org.apache.catalina.util.LifecycleBase.destroy(LifecycleBase.java:306)
		at org.apache.catalina.core.StandardService.destroyInternal(StandardService.java:599)
		at org.apache.catalina.util.LifecycleBase.destroy(LifecycleBase.java:306)
		at org.apache.catalina.core.StandardServer.destroyInternal(StandardServer.java:871)
		at org.apache.catalina.util.LifecycleBase.destroy(LifecycleBase.java:306)
		at org.apache.catalina.startup.Catalina.stop(Catalina.java:716)
		at org.apache.catalina.startup.Catalina$CatalinaShutdownHook.run(Catalina.java:810)
13-Apr-2024 22:02:54.087 INFO [main] org.apache.catalina.startup.VersionLoggerListener.log Server version name:   Apache Tomcat/8.5.100
13-Apr-2024 22:02:54.104 INFO [main] org.apache.catalina.startup.VersionLoggerListener.log Server built:          Mar 19 2024 13:54:42 UTC
13-Apr-2024 22:02:54.104 INFO [main] org.apache.catalina.startup.VersionLoggerListener.log Server version number: 8.5.100.0
13-Apr-2024 22:02:54.105 INFO [main] org.apache.catalina.startup.VersionLoggerListener.log OS Name:               Linux
13-Apr-2024 22:02:54.105 INFO [main] org.apache.catalina.startup.VersionLoggerListener.log OS Version:            5.15.0-102-generic
13-Apr-2024 22:02:54.105 INFO [main] org.apache.catalina.startup.VersionLoggerListener.log Architecture:          amd64
13-Apr-2024 22:02:54.105 INFO [main] org.apache.catalina.startup.VersionLoggerListener.log Java Home:             /home/tester/.jdks/corretto-17.0.10
13-Apr-2024 22:02:54.106 INFO [main] org.apache.catalina.startup.VersionLoggerListener.log JVM Version:           17.0.10+8-LTS
13-Apr-2024 22:02:54.106 INFO [main] org.apache.catalina.startup.VersionLoggerListener.log JVM Vendor:            Amazon.com Inc.
13-Apr-2024 22:02:54.106 INFO [main] org.apache.catalina.startup.VersionLoggerListener.log CATALINA_BASE:         /home/tester/Downloads/Assignment
13-Apr-2024 22:02:54.106 INFO [main] org.apache.catalina.startup.VersionLoggerListener.log CATALINA_HOME:         /home/tester/Downloads/apache-tomcat-8.5.100
13-Apr-2024 22:02:54.108 INFO [main] org.apache.catalina.startup.VersionLoggerListener.log Command line argument: --add-opens=java.base/java.lang=ALL-UNNAMED
13-Apr-2024 22:02:54.108 INFO [main] org.apache.catalina.startup.VersionLoggerListener.log Command line argument: --add-opens=java.base/java.io=ALL-UNNAMED
13-Apr-2024 22:02:54.108 INFO [main] org.apache.catalina.startup.VersionLoggerListener.log Command line argument: --add-opens=java.base/java.util=ALL-UNNAMED
13-Apr-2024 22:02:54.108 INFO [main] org.apache.catalina.startup.VersionLoggerListener.log Command line argument: --add-opens=java.base/java.util.concurrent=ALL-UNNAMED
13-Apr-2024 22:02:54.109 INFO [main] org.apache.catalina.startup.VersionLoggerListener.log Command line argument: --add-opens=java.rmi/sun.rmi.transport=ALL-UNNAMED
13-Apr-2024 22:02:54.109 INFO [main] org.apache.catalina.startup.VersionLoggerListener.log Command line argument: -Dcatalina.home=/home/tester/Downloads/apache-tomcat-8.5.100
13-Apr-2024 22:02:54.109 INFO [main] org.apache.catalina.startup.VersionLoggerListener.log Command line argument: -Dcatalina.base=/home/tester/Downloads/Assignment
13-Apr-2024 22:02:54.109 INFO [main] org.apache.catalina.startup.VersionLoggerListener.log Command line argument: -Djava.io.tmpdir=/home/tester/Downloads/Assignment/temp
13-Apr-2024 22:02:54.109 INFO [main] org.apache.catalina.startup.VersionLoggerListener.log Command line argument: -Djava.util.logging.config.file=/home/tester/Downloads/Assignment/conf/logging.properties
13-Apr-2024 22:02:54.110 INFO [main] org.apache.catalina.startup.VersionLoggerListener.log Command line argument: -Djava.util.logging.manager=org.apache.juli.ClassLoaderLogManager
13-Apr-2024 22:02:54.110 INFO [main] org.apache.catalina.startup.VersionLoggerListener.log Command line argument: -javaagent:/opt/intellij-idea-community/lib/idea_rt.jar=37563:/opt/intellij-idea-community/bin
13-Apr-2024 22:02:54.110 INFO [main] org.apache.catalina.startup.VersionLoggerListener.log Command line argument: -Dfile.encoding=UTF-8
13-Apr-2024 22:02:54.110 INFO [main] org.apache.catalina.core.AprLifecycleListener.lifecycleEvent The Apache Tomcat Native library which allows using OpenSSL was not found on the java.library.path: [/usr/java/packages/lib:/usr/lib64:/lib64:/lib:/usr/lib]
13-Apr-2024 22:02:54.474 INFO [main] org.apache.coyote.AbstractProtocol.init Initializing ProtocolHandler ["http-nio-8080"]
13-Apr-2024 22:02:54.659 INFO [main] org.apache.catalina.startup.Catalina.load Initialization processed in 4353 ms
13-Apr-2024 22:02:55.007 INFO [main] org.apache.catalina.core.StandardService.startInternal Starting service [Catalina]
13-Apr-2024 22:02:55.008 INFO [main] org.apache.catalina.core.StandardEngine.startInternal Starting Servlet engine: [Apache Tomcat/8.5.100]
13-Apr-2024 22:02:55.052 INFO [localhost-startStop-1] org.apache.catalina.startup.HostConfig.deployDescriptor Deploying deployment descriptor [/home/tester/Downloads/Assignment/conf/Catalina/localhost/Employee.xml]
13-Apr-2024 22:02:57.490 WARNING [localhost-startStop-1] org.apache.tomcat.util.descriptor.web.WebXml.setVersion Unknown version string [6.0]. Default version will be used.
13-Apr-2024 22:02:57.515 WARNING [localhost-startStop-1] org.apache.tomcat.util.descriptor.web.WebXml.setVersion Unknown version string [5.0]. Default version will be used.
13-Apr-2024 22:02:57.522 WARNING [localhost-startStop-1] org.apache.tomcat.util.descriptor.web.WebXml.setVersion Unknown version string [6.0]. Default version will be used.
13-Apr-2024 22:03:19.713 INFO [localhost-startStop-1] org.apache.jasper.servlet.TldScanner.scanJars At least one JAR was scanned for TLDs yet contained no TLDs. Enable debug logging for this logger for a complete list of JARs that were scanned but no TLDs were found in them. Skipping unneeded JARs during scanning can improve startup time and JSP compilation time.
13-Apr-2024 22:03:19.943 WARNING [localhost-startStop-1] org.apache.catalina.util.SessionIdGeneratorBase.createSecureRandom Creation of SecureRandom instance for session ID generation using [SHA1PRNG] took [190] milliseconds.
13-Apr-2024 22:03:20.331 INFO [localhost-startStop-1] org.apache.catalina.startup.HostConfig.deployDescriptor Deployment of deployment descriptor [/home/tester/Downloads/Assignment/conf/Catalina/localhost/Employee.xml] has finished in [25,279] ms
13-Apr-2024 22:03:20.357 INFO [main] org.apache.coyote.AbstractProtocol.start Starting ProtocolHandler ["http-nio-8080"]
13-Apr-2024 22:03:20.410 INFO [main] org.apache.catalina.startup.Catalina.start Server startup in 25750 ms
13-Apr-2024 22:04:43.105 INFO [Thread-1] org.apache.coyote.AbstractProtocol.pause Pausing ProtocolHandler ["http-nio-8080"]
13-Apr-2024 22:04:43.110 INFO [Thread-1] org.apache.catalina.core.StandardService.stopInternal Stopping service [Catalina]
13-Apr-2024 22:04:44.822 INFO [Thread-1] org.apache.coyote.AbstractProtocol.stop Stopping ProtocolHandler ["http-nio-8080"]
13-Apr-2024 22:04:45.050 INFO [Thread-1] org.apache.coyote.AbstractProtocol.destroy Destroying ProtocolHandler ["http-nio-8080"]
13-Apr-2024 22:06:29.745 INFO [main] org.apache.catalina.startup.VersionLoggerListener.log Server version name:   Apache Tomcat/8.5.100
13-Apr-2024 22:06:29.755 INFO [main] org.apache.catalina.startup.VersionLoggerListener.log Server built:          Mar 19 2024 13:54:42 UTC
13-Apr-2024 22:06:29.756 INFO [main] org.apache.catalina.startup.VersionLoggerListener.log Server version number: 8.5.100.0
13-Apr-2024 22:06:29.757 INFO [main] org.apache.catalina.startup.VersionLoggerListener.log OS Name:               Linux
13-Apr-2024 22:06:29.757 INFO [main] org.apache.catalina.startup.VersionLoggerListener.log OS Version:            5.15.0-102-generic
13-Apr-2024 22:06:29.758 INFO [main] org.apache.catalina.startup.VersionLoggerListener.log Architecture:          amd64
13-Apr-2024 22:06:29.759 INFO [main] org.apache.catalina.startup.VersionLoggerListener.log Java Home:             /home/tester/.jdks/corretto-17.0.10
13-Apr-2024 22:06:29.760 INFO [main] org.apache.catalina.startup.VersionLoggerListener.log JVM Version:           17.0.10+8-LTS
13-Apr-2024 22:06:29.760 INFO [main] org.apache.catalina.startup.VersionLoggerListener.log JVM Vendor:            Amazon.com Inc.
13-Apr-2024 22:06:29.761 INFO [main] org.apache.catalina.startup.VersionLoggerListener.log CATALINA_BASE:         /home/tester/Downloads/Assignment
13-Apr-2024 22:06:29.761 INFO [main] org.apache.catalina.startup.VersionLoggerListener.log CATALINA_HOME:         /home/tester/Downloads/apache-tomcat-8.5.100
13-Apr-2024 22:06:29.764 INFO [main] org.apache.catalina.startup.VersionLoggerListener.log Command line argument: --add-opens=java.base/java.lang=ALL-UNNAMED
13-Apr-2024 22:06:29.769 INFO [main] org.apache.catalina.startup.VersionLoggerListener.log Command line argument: --add-opens=java.base/java.io=ALL-UNNAMED
13-Apr-2024 22:06:29.770 INFO [main] org.apache.catalina.startup.VersionLoggerListener.log Command line argument: --add-opens=java.base/java.util=ALL-UNNAMED
13-Apr-2024 22:06:29.770 INFO [main] org.apache.catalina.startup.VersionLoggerListener.log Command line argument: --add-opens=java.base/java.util.concurrent=ALL-UNNAMED
13-Apr-2024 22:06:29.771 INFO [main] org.apache.catalina.startup.VersionLoggerListener.log Command line argument: --add-opens=java.rmi/sun.rmi.transport=ALL-UNNAMED
13-Apr-2024 22:06:29.771 INFO [main] org.apache.catalina.startup.VersionLoggerListener.log Command line argument: -Dcatalina.home=/home/tester/Downloads/apache-tomcat-8.5.100
13-Apr-2024 22:06:29.772 INFO [main] org.apache.catalina.startup.VersionLoggerListener.log Command line argument: -Dcatalina.base=/home/tester/Downloads/Assignment
13-Apr-2024 22:06:29.772 INFO [main] org.apache.catalina.startup.VersionLoggerListener.log Command line argument: -Djava.io.tmpdir=/home/tester/Downloads/Assignment/temp
13-Apr-2024 22:06:29.773 INFO [main] org.apache.catalina.startup.VersionLoggerListener.log Command line argument: -Djava.util.logging.config.file=/home/tester/Downloads/Assignment/conf/logging.properties
13-Apr-2024 22:06:29.773 INFO [main] org.apache.catalina.startup.VersionLoggerListener.log Command line argument: -Djava.util.logging.manager=org.apache.juli.ClassLoaderLogManager
13-Apr-2024 22:06:29.774 INFO [main] org.apache.catalina.startup.VersionLoggerListener.log Command line argument: -javaagent:/opt/intellij-idea-community/lib/idea_rt.jar=45903:/opt/intellij-idea-community/bin
13-Apr-2024 22:06:29.774 INFO [main] org.apache.catalina.startup.VersionLoggerListener.log Command line argument: -Dfile.encoding=UTF-8
13-Apr-2024 22:06:29.775 INFO [main] org.apache.catalina.core.AprLifecycleListener.lifecycleEvent The Apache Tomcat Native library which allows using OpenSSL was not found on the java.library.path: [/usr/java/packages/lib:/usr/lib64:/lib64:/lib:/usr/lib]
13-Apr-2024 22:06:29.975 INFO [main] org.apache.coyote.AbstractProtocol.init Initializing ProtocolHandler ["http-nio-8080"]
13-Apr-2024 22:06:30.105 INFO [main] org.apache.catalina.startup.Catalina.load Initialization processed in 3656 ms
13-Apr-2024 22:06:30.533 INFO [main] org.apache.catalina.core.StandardService.startInternal Starting service [Catalina]
13-Apr-2024 22:06:30.533 INFO [main] org.apache.catalina.core.StandardEngine.startInternal Starting Servlet engine: [Apache Tomcat/8.5.100]
13-Apr-2024 22:06:30.628 INFO [localhost-startStop-1] org.apache.catalina.startup.HostConfig.deployDescriptor Deploying deployment descriptor [/home/tester/Downloads/Assignment/conf/Catalina/localhost/Employee.xml]
13-Apr-2024 22:06:33.817 WARNING [localhost-startStop-1] org.apache.tomcat.util.descriptor.web.WebXml.setVersion Unknown version string [6.0]. Default version will be used.
13-Apr-2024 22:06:33.851 WARNING [localhost-startStop-1] org.apache.tomcat.util.descriptor.web.WebXml.setVersion Unknown version string [5.0]. Default version will be used.
13-Apr-2024 22:06:33.861 WARNING [localhost-startStop-1] org.apache.tomcat.util.descriptor.web.WebXml.setVersion Unknown version string [6.0]. Default version will be used.
13-Apr-2024 22:06:58.804 INFO [localhost-startStop-1] org.apache.jasper.servlet.TldScanner.scanJars At least one JAR was scanned for TLDs yet contained no TLDs. Enable debug logging for this logger for a complete list of JARs that were scanned but no TLDs were found in them. Skipping unneeded JARs during scanning can improve startup time and JSP compilation time.
13-Apr-2024 22:06:59.040 WARNING [localhost-startStop-1] org.apache.catalina.util.SessionIdGeneratorBase.createSecureRandom Creation of SecureRandom instance for session ID generation using [SHA1PRNG] took [206] milliseconds.
13-Apr-2024 22:06:59.105 INFO [localhost-startStop-1] org.apache.catalina.startup.HostConfig.deployDescriptor Deployment of deployment descriptor [/home/tester/Downloads/Assignment/conf/Catalina/localhost/Employee.xml] has finished in [28,476] ms
13-Apr-2024 22:06:59.108 INFO [main] org.apache.coyote.AbstractProtocol.start Starting ProtocolHandler ["http-nio-8080"]
13-Apr-2024 22:06:59.155 INFO [main] org.apache.catalina.startup.Catalina.start Server startup in 29049 ms
13-Apr-2024 22:08:20.828 INFO [Thread-1] org.apache.coyote.AbstractProtocol.pause Pausing ProtocolHandler ["http-nio-8080"]
13-Apr-2024 22:08:20.830 INFO [Thread-1] org.apache.catalina.core.StandardService.stopInternal Stopping service [Catalina]
13-Apr-2024 22:08:21.156 INFO [Thread-1] org.apache.coyote.AbstractProtocol.stop Stopping ProtocolHandler ["http-nio-8080"]
13-Apr-2024 22:08:21.250 INFO [Thread-1] org.apache.coyote.AbstractProtocol.destroy Destroying ProtocolHandler ["http-nio-8080"]
